<?xml version="1.0" encoding="UTF-8"?>
<testsuite xmlns:xsi="http://www.w3.org/2001/XMLSchema-instance" xsi:noNamespaceSchemaLocation="https://maven.apache.org/surefire/maven-surefire-plugin/xsd/surefire-test-report-3.0.xsd" version="3.0" name="com.codebyshatru.inventoryservice.InventoryServiceApplicationTests" time="7.406" tests="1" errors="0" skipped="0" failures="0">
  <properties>
[...]
</properties>
  <testcase name="contextLoads" classname="com.codebyshatru.inventoryservice.InventoryServiceApplicationTests" time="0.667">
    <system-out><![CDATA[23:44:50.836 [main] INFO org.springframework.test.context.support.AnnotationConfigContextLoaderUtils -- Could not detect default configuration classes for test class [com.codebyshatru.inventoryservice.InventoryServiceApplicationTests]: InventoryServiceApplicationTests does not declare any static, non-private, non-final, nested classes annotated with @Configuration.
23:44:50.968 [main] INFO org.springframework.boot.test.context.SpringBootTestContextBootstrapper -- Found @SpringBootConfiguration com.codebyshatru.inventoryservice.InventoryServiceApplication for test class com.codebyshatru.inventoryservice.InventoryServiceApplicationTests

  .   ____          _            __ _ _
 /\\ / ___'_ __ _ _(_)_ __  __ _ \ \ \ \
( ( )\___ | '_ | '_| | '_ \/ _` | \ \ \ \
 \\/  ___)| |_)| | | | | || (_| |  ) ) ) )
  '  |____| .__|_| |_|_| |_\__, | / / / /
 =========|_|==============|___/=/_/_/_/
 :: Spring Boot ::                (v3.1.1)

2023-06-30T23:44:51.437+05:30  INFO 8256 --- [           main] c.c.i.InventoryServiceApplicationTests   : Starting InventoryServiceApplicationTests using Java 18.0.1.1 with PID 8256 (started by shatr in C:\Projects\Java\imachinemart-microservice\inventory-service)
2023-06-30T23:44:51.437+05:30  INFO 8256 --- [           main] c.c.i.InventoryServiceApplicationTests   : No active profile set, falling back to 1 default profile: "default"
2023-06-30T23:44:52.466+05:30  INFO 8256 --- [           main] .s.d.r.c.RepositoryConfigurationDelegate : Bootstrapping Spring Data JPA repositories in DEFAULT mode.
2023-06-30T23:44:52.693+05:30  INFO 8256 --- [           main] .s.d.r.c.RepositoryConfigurationDelegate : Finished Spring Data repository scanning in 206 ms. Found 1 JPA repository interfaces.
2023-06-30T23:44:52.978+05:30  INFO 8256 --- [           main] o.s.cloud.context.scope.GenericScope     : BeanFactory id=41b1ff8e-0425-3c48-88e9-200ac606369f
2023-06-30T23:44:53.380+05:30  INFO 8256 --- [           main] o.hibernate.jpa.internal.util.LogHelper  : HHH000204: Processing PersistenceUnitInfo [name: default]
2023-06-30T23:44:53.461+05:30  INFO 8256 --- [           main] org.hibernate.Version                    : HHH000412: Hibernate ORM core version 6.2.5.Final
2023-06-30T23:44:53.467+05:30  INFO 8256 --- [           main] org.hibernate.cfg.Environment            : HHH000406: Using bytecode reflection optimizer
2023-06-30T23:44:53.679+05:30  INFO 8256 --- [           main] o.h.b.i.BytecodeProviderInitiator        : HHH000021: Bytecode provider name : bytebuddy
2023-06-30T23:44:53.833+05:30  INFO 8256 --- [           main] o.s.o.j.p.SpringPersistenceUnitInfo      : No LoadTimeWeaver setup: ignoring JPA class transformer
2023-06-30T23:44:53.854+05:30  INFO 8256 --- [           main] com.zaxxer.hikari.HikariDataSource       : HikariPool-1 - Starting...
2023-06-30T23:44:54.235+05:30  INFO 8256 --- [           main] com.zaxxer.hikari.pool.HikariPool        : HikariPool-1 - Added connection com.mysql.cj.jdbc.ConnectionImpl@503a7990
2023-06-30T23:44:54.235+05:30  INFO 8256 --- [           main] com.zaxxer.hikari.HikariDataSource       : HikariPool-1 - Start completed.
2023-06-30T23:44:54.286+05:30  WARN 8256 --- [           main] org.hibernate.orm.deprecation            : HHH90000026: MySQL8Dialect has been deprecated; use org.hibernate.dialect.MySQLDialect instead
2023-06-30T23:44:54.616+05:30  INFO 8256 --- [           main] o.h.b.i.BytecodeProviderInitiator        : HHH000021: Bytecode provider name : bytebuddy
2023-06-30T23:44:55.240+05:30  INFO 8256 --- [           main] o.h.e.t.j.p.i.JtaPlatformInitiator       : HHH000490: Using JtaPlatform implementation: [org.hibernate.engine.transaction.jta.platform.internal.NoJtaPlatform]
Hibernate: alter table inventory modify column created_dt  datetime(6) not null
Hibernate: alter table inventory modify column deleted_dt  datetime(6)
Hibernate: alter table inventory modify column updated_dt  datetime(6)
2023-06-30T23:44:55.343+05:30  INFO 8256 --- [           main] j.LocalContainerEntityManagerFactoryBean : Initialized JPA EntityManagerFactory for persistence unit 'default'
2023-06-30T23:44:55.940+05:30  WARN 8256 --- [           main] JpaBaseConfiguration$JpaWebConfiguration : spring.jpa.open-in-view is enabled by default. Therefore, database queries may be performed during view rendering. Explicitly configure spring.jpa.open-in-view to disable this warning
2023-06-30T23:44:56.587+05:30  INFO 8256 --- [           main] DiscoveryClientOptionalArgsConfiguration : Eureka HTTP Client uses RestTemplate.
2023-06-30T23:44:56.764+05:30  WARN 8256 --- [           main] iguration$LoadBalancerCaffeineWarnLogger : Spring Cloud LoadBalancer is currently working with the default cache. While this cache implementation is useful for development and tests, it's recommended to use Caffeine cache in production.You can switch to using Caffeine cache, by adding it and org.springframework.cache.caffeine.CaffeineCacheManager to the classpath.
2023-06-30T23:44:56.791+05:30  INFO 8256 --- [           main] o.s.c.n.eureka.InstanceInfoFactory       : Setting initial instance status as: STARTING
2023-06-30T23:44:56.905+05:30  INFO 8256 --- [           main] com.netflix.discovery.DiscoveryClient    : Initializing Eureka in region us-east-1
2023-06-30T23:44:56.911+05:30  INFO 8256 --- [           main] c.n.d.s.r.aws.ConfigClusterResolver      : Resolving eureka endpoints via configuration
2023-06-30T23:44:56.944+05:30  INFO 8256 --- [           main] com.netflix.discovery.DiscoveryClient    : Disable delta property : false
2023-06-30T23:44:56.944+05:30  INFO 8256 --- [           main] com.netflix.discovery.DiscoveryClient    : Single vip registry refresh property : null
2023-06-30T23:44:56.944+05:30  INFO 8256 --- [           main] com.netflix.discovery.DiscoveryClient    : Force full registry fetch : false
2023-06-30T23:44:56.944+05:30  INFO 8256 --- [           main] com.netflix.discovery.DiscoveryClient    : Application is null : false
2023-06-30T23:44:56.944+05:30  INFO 8256 --- [           main] com.netflix.discovery.DiscoveryClient    : Registered Applications size is zero : true
2023-06-30T23:44:56.944+05:30  INFO 8256 --- [           main] com.netflix.discovery.DiscoveryClient    : Application version is -1: true
2023-06-30T23:44:56.944+05:30  INFO 8256 --- [           main] com.netflix.discovery.DiscoveryClient    : Getting all instance registry info from the eureka server
2023-06-30T23:44:57.387+05:30  INFO 8256 --- [           main] com.netflix.discovery.DiscoveryClient    : The response status is 200
2023-06-30T23:44:57.390+05:30  INFO 8256 --- [           main] com.netflix.discovery.DiscoveryClient    : Starting heartbeat executor: renew interval is: 30
2023-06-30T23:44:57.392+05:30  INFO 8256 --- [           main] c.n.discovery.InstanceInfoReplicator     : InstanceInfoReplicator onDemand update allowed rate per min is 4
2023-06-30T23:44:57.398+05:30  INFO 8256 --- [           main] com.netflix.discovery.DiscoveryClient    : Discovery Client initialized at timestamp 1688148897398 with initial instances count: 0
2023-06-30T23:44:57.401+05:30  INFO 8256 --- [           main] o.s.c.n.e.s.EurekaServiceRegistry        : Registering application INVENTORY-SERVICE with eureka with status UP
2023-06-30T23:44:57.402+05:30  INFO 8256 --- [           main] com.netflix.discovery.DiscoveryClient    : Saw local status change event StatusChangeEvent [timestamp=1688148897402, current=UP, previous=STARTING]
2023-06-30T23:44:57.404+05:30  INFO 8256 --- [nfoReplicator-0] com.netflix.discovery.DiscoveryClient    : DiscoveryClient_INVENTORY-SERVICE/192.168.1.48:inventory-service:8083: registering service...
2023-06-30T23:44:57.413+05:30  INFO 8256 --- [           main] c.c.i.InventoryServiceApplicationTests   : Started InventoryServiceApplicationTests in 6.294 seconds (process running for 7.165)
2023-06-30T23:44:57.450+05:30  INFO 8256 --- [nfoReplicator-0] com.netflix.discovery.DiscoveryClient    : DiscoveryClient_INVENTORY-SERVICE/192.168.1.48:inventory-service:8083 - registration status: 204
]]></system-out>
  </testcase>
</testsuite>